{"/Users/joshua/Personal/Projects/TestExampleApp/App.js": {"path":"/Users/joshua/Personal/Projects/TestExampleApp/App.js","statementMap":{"0":{"start":{"line":1,"column":13},"end":{"line":1,"column":75}},"1":{"start":{"line":1,"column":75},"end":{"line":1,"column":100}},"2":{"start":{"line":9,"column":13},"end":{"line":9,"column":66}},"3":{"start":{"line":10,"column":19},"end":{"line":10,"column":42}},"4":{"start":{"line":11,"column":15},"end":{"line":11,"column":50}},"5":{"start":{"line":12,"column":16},"end":{"line":12,"column":88}},"6":{"start":{"line":13,"column":17},"end":{"line":13,"column":90}},"7":{"start":{"line":14,"column":20},"end":{"line":14,"column":96}},"8":{"start":{"line":14,"column":116},"end":{"line":14,"column":171}},"9":{"start":{"line":16,"column":19},"end":{"line":20,"column":46}},"10":{"start":{"line":23,"column":17},"end":{"line":27,"column":17}},"11":{"start":{"line":30,"column":6},"end":{"line":42,"column":79}},"12":{"start":{"line":30,"column":45},"end":{"line":30,"column":84}},"13":{"start":{"line":30,"column":84},"end":{"line":30,"column":193}},"14":{"start":{"line":30,"column":194},"end":{"line":42,"column":10}},"15":{"start":{"line":32,"column":6},"end":{"line":38,"column":139}},"16":{"start":{"line":42,"column":10},"end":{"line":42,"column":49}},"17":{"start":{"line":42,"column":49},"end":{"line":42,"column":60}},"18":{"start":{"line":42,"column":80},"end":{"line":42,"column":102}},"19":{"start":{"line":45,"column":13},"end":{"line":60,"column":24}}},"fnMap":{"0":{"name":"(anonymous_0)","decl":{"start":{"line":30,"column":6},"end":{"line":30,"column":7}},"loc":{"start":{"line":30,"column":28},"end":{"line":42,"column":61}},"line":30},"1":{"name":"App","decl":{"start":{"line":30,"column":38},"end":{"line":30,"column":41}},"loc":{"start":{"line":30,"column":44},"end":{"line":30,"column":194}},"line":30},"2":{"name":"render","decl":{"start":{"line":30,"column":258},"end":{"line":30,"column":264}},"loc":{"start":{"line":31,"column":4},"end":{"line":42,"column":5}},"line":31}},"branchMap":{},"s":{"0":1,"1":1,"2":1,"3":1,"4":1,"5":1,"6":1,"7":1,"8":1,"9":1,"10":1,"11":1,"12":1,"13":1,"14":1,"15":1,"16":1,"17":1,"18":1,"19":1},"f":{"0":1,"1":1,"2":1},"b":{},"_coverageSchema":"332fd63041d2c1bcb487cc26dd0d5f7d97098a6c","hash":"186e2bdf4f97266c50eaf910d83a2e712b1e8d27"}
,"/Users/joshua/Personal/Projects/TestExampleApp/src/components/Clickable.js": {"path":"/Users/joshua/Personal/Projects/TestExampleApp/src/components/Clickable.js","statementMap":{"0":{"start":{"line":1,"column":13},"end":{"line":1,"column":75}},"1":{"start":{"line":1,"column":75},"end":{"line":1,"column":100}},"2":{"start":{"line":1,"column":113},"end":{"line":1,"column":165}},"3":{"start":{"line":2,"column":19},"end":{"line":2,"column":42}},"4":{"start":{"line":2,"column":62},"end":{"line":2,"column":138}},"5":{"start":{"line":4,"column":12},"end":{"line":21,"column":105}},"6":{"start":{"line":4,"column":106},"end":{"line":4,"column":151}},"7":{"start":{"line":4,"column":151},"end":{"line":4,"column":271}},"8":{"start":{"line":4,"column":241},"end":{"line":4,"column":270}},"9":{"start":{"line":4,"column":271},"end":{"line":11,"column":15}},"10":{"start":{"line":8,"column":6},"end":{"line":9,"column":47}},"11":{"start":{"line":8,"column":43},"end":{"line":9,"column":44}},"12":{"start":{"line":11,"column":16},"end":{"line":21,"column":10}},"13":{"start":{"line":14,"column":6},"end":{"line":17,"column":136}},"14":{"start":{"line":21,"column":10},"end":{"line":21,"column":61}},"15":{"start":{"line":21,"column":61},"end":{"line":21,"column":78}},"16":{"start":{"line":23,"column":0},"end":{"line":23,"column":9}},"17":{"start":{"line":23,"column":10},"end":{"line":23,"column":37}}},"fnMap":{"0":{"name":"(anonymous_0)","decl":{"start":{"line":4,"column":12},"end":{"line":4,"column":13}},"loc":{"start":{"line":4,"column":40},"end":{"line":21,"column":79}},"line":4},"1":{"name":"Clickable","decl":{"start":{"line":4,"column":50},"end":{"line":4,"column":59}},"loc":{"start":{"line":4,"column":62},"end":{"line":11,"column":16}},"line":4},"2":{"name":"(anonymous_2)","decl":{"start":{"line":7,"column":19},"end":{"line":7,"column":20}},"loc":{"start":{"line":7,"column":31},"end":{"line":11,"column":5}},"line":7},"3":{"name":"(anonymous_3)","decl":{"start":{"line":8,"column":21},"end":{"line":8,"column":22}},"loc":{"start":{"line":8,"column":42},"end":{"line":9,"column":45}},"line":8},"4":{"name":"render","decl":{"start":{"line":11,"column":86},"end":{"line":11,"column":92}},"loc":{"start":{"line":13,"column":4},"end":{"line":21,"column":5}},"line":13}},"branchMap":{},"s":{"0":2,"1":2,"2":2,"3":2,"4":2,"5":2,"6":2,"7":2,"8":4,"9":2,"10":1,"11":1,"12":2,"13":3,"14":2,"15":2,"16":2,"17":2},"f":{"0":2,"1":2,"2":1,"3":1,"4":3},"b":{},"_coverageSchema":"332fd63041d2c1bcb487cc26dd0d5f7d97098a6c","hash":"6547b488021747c60b88049d53ed5db48c91fbe6"}
,"/Users/joshua/Personal/Projects/TestExampleApp/src/components/Context.js": {"path":"/Users/joshua/Personal/Projects/TestExampleApp/src/components/Context.js","statementMap":{"0":{"start":{"line":1,"column":13},"end":{"line":1,"column":75}},"1":{"start":{"line":1,"column":75},"end":{"line":1,"column":120}},"2":{"start":{"line":2,"column":13},"end":{"line":2,"column":65}},"3":{"start":{"line":3,"column":0},"end":{"line":3,"column":36}},"4":{"start":{"line":3,"column":48},"end":{"line":3,"column":77}},"5":{"start":{"line":3,"column":89},"end":{"line":3,"column":118}},"6":{"start":{"line":3,"column":119},"end":{"line":3,"column":147}},"7":{"start":{"line":3,"column":147},"end":{"line":3,"column":175}}},"fnMap":{},"branchMap":{},"s":{"0":2,"1":2,"2":2,"3":2,"4":2,"5":2,"6":2,"7":2},"f":{},"b":{},"_coverageSchema":"332fd63041d2c1bcb487cc26dd0d5f7d97098a6c","hash":"662a070f65c96b2a6af70fece50406378a9950b0"}
,"/Users/joshua/Personal/Projects/TestExampleApp/src/components/Testable.js": {"path":"/Users/joshua/Personal/Projects/TestExampleApp/src/components/Testable.js","statementMap":{"0":{"start":{"line":1,"column":13},"end":{"line":1,"column":75}},"1":{"start":{"line":1,"column":75},"end":{"line":1,"column":100}},"2":{"start":{"line":2,"column":13},"end":{"line":2,"column":65}},"3":{"start":{"line":3,"column":19},"end":{"line":3,"column":42}},"4":{"start":{"line":4,"column":15},"end":{"line":4,"column":35}},"5":{"start":{"line":4,"column":55},"end":{"line":4,"column":130}},"6":{"start":{"line":5,"column":15},"end":{"line":9,"column":146}},"7":{"start":{"line":5,"column":41},"end":{"line":9,"column":145}},"8":{"start":{"line":7,"column":22},"end":{"line":9,"column":141}},"9":{"start":{"line":14,"column":0},"end":{"line":14,"column":8}},"10":{"start":{"line":14,"column":9},"end":{"line":14,"column":36}},"11":{"start":{"line":16,"column":13},"end":{"line":20,"column":29}}},"fnMap":{"0":{"name":"Testable","decl":{"start":{"line":5,"column":24},"end":{"line":5,"column":32}},"loc":{"start":{"line":5,"column":40},"end":{"line":9,"column":146}},"line":5},"1":{"name":"(anonymous_1)","decl":{"start":{"line":7,"column":4},"end":{"line":7,"column":5}},"loc":{"start":{"line":7,"column":21},"end":{"line":9,"column":142}},"line":7}},"branchMap":{},"s":{"0":2,"1":2,"2":2,"3":2,"4":2,"5":2,"6":2,"7":3,"8":3,"9":2,"10":2,"11":2},"f":{"0":3,"1":3},"b":{},"_coverageSchema":"332fd63041d2c1bcb487cc26dd0d5f7d97098a6c","hash":"9fd25317e5698d61844b1c4d812705a262cec858"}
,"/Users/joshua/Personal/Projects/TestExampleApp/src/components/TestableList.js": {"path":"/Users/joshua/Personal/Projects/TestExampleApp/src/components/TestableList.js","statementMap":{"0":{"start":{"line":1,"column":13},"end":{"line":1,"column":75}},"1":{"start":{"line":1,"column":75},"end":{"line":1,"column":100}},"2":{"start":{"line":1,"column":113},"end":{"line":1,"column":165}},"3":{"start":{"line":2,"column":19},"end":{"line":2,"column":42}},"4":{"start":{"line":2,"column":62},"end":{"line":2,"column":141}},"5":{"start":{"line":4,"column":19},"end":{"line":12,"column":1}},"6":{"start":{"line":5,"column":2},"end":{"line":9,"column":90}},"7":{"start":{"line":14,"column":38},"end":{"line":14,"column":47}},"8":{"start":{"line":14,"column":56},"end":{"line":14,"column":66}},"9":{"start":{"line":15,"column":2},"end":{"line":15,"column":145}},"10":{"start":{"line":19,"column":2},"end":{"line":19,"column":27}},"11":{"start":{"line":22,"column":0},"end":{"line":22,"column":12}},"12":{"start":{"line":22,"column":13},"end":{"line":22,"column":40}}},"fnMap":{"0":{"name":"TestableList","decl":{"start":{"line":4,"column":28},"end":{"line":4,"column":40}},"loc":{"start":{"line":4,"column":48},"end":{"line":12,"column":1}},"line":4},"1":{"name":"renderItem","decl":{"start":{"line":14,"column":9},"end":{"line":14,"column":19}},"loc":{"start":{"line":14,"column":26},"end":{"line":16,"column":1}},"line":14},"2":{"name":"keyExtractor","decl":{"start":{"line":18,"column":9},"end":{"line":18,"column":21}},"loc":{"start":{"line":18,"column":35},"end":{"line":20,"column":1}},"line":18}},"branchMap":{},"s":{"0":1,"1":1,"2":1,"3":1,"4":1,"5":1,"6":1,"7":4,"8":4,"9":4,"10":4,"11":1,"12":1},"f":{"0":1,"1":4,"2":4},"b":{},"_coverageSchema":"332fd63041d2c1bcb487cc26dd0d5f7d97098a6c","hash":"41d62372463611ef6b6cf67cf13326b9a6e1fdb1"}
}
