TN:
SF:/Users/joshua/Personal/Projects/TestExampleApp/App.js
FN:30,(anonymous_0)
FN:30,App
FN:30,render
FNF:3
FNH:3
FNDA:1,(anonymous_0)
FNDA:1,App
FNDA:1,render
DA:1,1
DA:9,1
DA:10,1
DA:11,1
DA:12,1
DA:13,1
DA:14,1
DA:16,1
DA:23,1
DA:30,1
DA:32,1
DA:42,1
DA:45,1
LF:13
LH:13
BRF:0
BRH:0
end_of_record
TN:
SF:/Users/joshua/Personal/Projects/TestExampleApp/src/components/Clickable.js
FN:4,(anonymous_0)
FN:4,Clickable
FN:7,(anonymous_2)
FN:8,(anonymous_3)
FN:11,render
FNF:5
FNH:5
FNDA:2,(anonymous_0)
FNDA:2,Clickable
FNDA:1,(anonymous_2)
FNDA:1,(anonymous_3)
FNDA:3,render
DA:1,2
DA:2,2
DA:4,4
DA:8,1
DA:11,2
DA:14,3
DA:21,2
DA:23,2
LF:8
LH:8
BRF:0
BRH:0
end_of_record
TN:
SF:/Users/joshua/Personal/Projects/TestExampleApp/src/components/Context.js
FNF:0
FNH:0
DA:1,2
DA:2,2
DA:3,2
LF:3
LH:3
BRF:0
BRH:0
end_of_record
TN:
SF:/Users/joshua/Personal/Projects/TestExampleApp/src/components/Testable.js
FN:5,Testable
FN:7,(anonymous_1)
FNF:2
FNH:2
FNDA:3,Testable
FNDA:3,(anonymous_1)
DA:1,2
DA:2,2
DA:3,2
DA:4,2
DA:5,3
DA:7,3
DA:14,2
DA:16,2
LF:8
LH:8
BRF:0
BRH:0
end_of_record
TN:
SF:/Users/joshua/Personal/Projects/TestExampleApp/src/components/TestableList.js
FN:4,TestableList
FN:14,renderItem
FN:18,keyExtractor
FNF:3
FNH:3
FNDA:1,TestableList
FNDA:4,renderItem
FNDA:4,keyExtractor
DA:1,1
DA:2,1
DA:4,1
DA:5,1
DA:14,4
DA:15,4
DA:19,4
DA:22,1
LF:8
LH:8
BRF:0
BRH:0
end_of_record
